<?xml version="1.0" encoding="UTF-8"?>
<!-- Generated by org.testng.reporters.JUnitXMLReporter -->
<testsuite ignored="0" hostname="Admins-MacBook-Pro.local" failures="0" tests="5" name="Default test" time="0.152" errors="0" timestamp="06 Jul 2020 08:01:15 GMT">
  <testcase classname="gitInteractionPackage.GitClass" name="test1" time="0.032"/>
  <testcase classname="gitInteractionPackage.GitClass" name="test2" time="0.007"/>
  <testcase classname="gitInteractionPackage.GitClass" name="test3" time="0.004"/>
  <testcase classname="gitInteractionPackage.GitClass" name="test4" time="0.002"/>
  <testcase classname="gitInteractionPackage.GitClass" name="test5" time="0.003"/>
</testsuite> <!-- Default test -->
